<?xml version="1.0" encoding="UTF-8"?>
<testsuite name="com.virtusa.test.web.rest.PatientResourceTest" tests="0" skipped="0" failures="0" errors="0" timestamp="1970-01-01T00:00:00" hostname="DOH001UA0120YYZ" time="0.0">
  <properties/>
  <system-out><![CDATA[16:33:41.693 [Test worker] DEBUG o.s.t.annotation.ProfileValueUtils - Retrieved @ProfileValueSourceConfiguration [null] for test class [com.virtusa.test.web.rest.PatientResourceTest]
16:33:41.694 [Test worker] DEBUG o.s.t.annotation.ProfileValueUtils - Retrieved ProfileValueSource type [class org.springframework.test.annotation.SystemProfileValueSource] for class [com.virtusa.test.web.rest.PatientResourceTest]
16:33:41.694 [Test worker] DEBUG o.s.t.annotation.ProfileValueUtils - Retrieved @ProfileValueSourceConfiguration [null] for test class [com.virtusa.test.web.rest.PatientResourceTest]
16:33:41.694 [Test worker] DEBUG o.s.t.annotation.ProfileValueUtils - Retrieved ProfileValueSource type [class org.springframework.test.annotation.SystemProfileValueSource] for class [com.virtusa.test.web.rest.PatientResourceTest]
16:33:41.699 [Test worker] DEBUG o.s.test.context.BootstrapUtils - Instantiating CacheAwareContextLoaderDelegate from class [org.springframework.test.context.cache.DefaultCacheAwareContextLoaderDelegate]
16:33:41.700 [Test worker] DEBUG o.s.test.context.BootstrapUtils - Instantiating BootstrapContext using constructor [public org.springframework.test.context.support.DefaultBootstrapContext(java.lang.Class,org.springframework.test.context.CacheAwareContextLoaderDelegate)]
16:33:41.702 [Test worker] DEBUG o.s.test.context.BootstrapUtils - Instantiating TestContextBootstrapper for test class [com.virtusa.test.web.rest.PatientResourceTest] from class [org.springframework.test.context.web.WebTestContextBootstrapper]
16:33:41.703 [Test worker] DEBUG o.s.t.c.w.WebTestContextBootstrapper - Found explicit ContextLoader class [org.springframework.boot.test.SpringApplicationContextLoader] for context configuration attributes [ContextConfigurationAttributes@44832055 declaringClass = 'com.virtusa.test.web.rest.PatientResourceTest', classes = '{class com.virtusa.sample.DemoApplication}', locations = '{}', inheritLocations = true, initializers = '{}', inheritInitializers = true, name = [null], contextLoaderClass = 'org.springframework.boot.test.SpringApplicationContextLoader']
16:33:41.704 [Test worker] DEBUG o.s.t.c.s.AbstractContextLoader - Did not detect default resource location for test class [com.virtusa.test.web.rest.PatientResourceTest]: class path resource [com/virtusa/test/web/rest/PatientResourceTest-context.xml] does not exist
16:33:41.705 [Test worker] DEBUG o.s.t.c.s.AbstractContextLoader - Did not detect default resource location for test class [com.virtusa.test.web.rest.PatientResourceTest]: class path resource [com/virtusa/test/web/rest/PatientResourceTestContext.groovy] does not exist
16:33:41.705 [Test worker] INFO  o.s.t.c.s.AbstractContextLoader - Could not detect default resource locations for test class [com.virtusa.test.web.rest.PatientResourceTest]: no resource found for suffixes {-context.xml, Context.groovy}.
16:33:41.707 [Test worker] DEBUG o.s.t.c.support.ActiveProfilesUtils - Could not find an 'annotation declaring class' for annotation type [org.springframework.test.context.ActiveProfiles] and class [com.virtusa.test.web.rest.PatientResourceTest]
16:33:41.710 [Test worker] INFO  o.s.t.c.w.WebTestContextBootstrapper - Using TestExecutionListeners: [org.springframework.boot.test.IntegrationTestPropertiesListener@1f524e80, org.springframework.test.context.support.DirtiesContextBeforeModesTestExecutionListener@7728cb1, org.springframework.test.context.support.DependencyInjectionTestExecutionListener@5aae8582, org.springframework.test.context.support.DirtiesContextTestExecutionListener@469a78cb, org.springframework.test.context.transaction.TransactionalTestExecutionListener@4b3118d6, org.springframework.test.context.jdbc.SqlScriptsTestExecutionListener@58b51205]
]]></system-out>
  <system-err><![CDATA[]]></system-err>
</testsuite>
