<?xml version="1.0" encoding="UTF-8"?>
<testsuite name="com.virtusa.test.DemoApplicationTests" tests="0" skipped="0" failures="0" errors="0" timestamp="1970-01-01T00:00:00" hostname="DOH001UA0120YYZ" time="0.0">
  <properties/>
  <system-out><![CDATA[16:33:41.555 [Test worker] DEBUG o.s.t.c.j.SpringJUnit4ClassRunner - SpringJUnit4ClassRunner constructor called with [class com.virtusa.test.DemoApplicationTests]
16:33:41.562 [Test worker] DEBUG o.s.test.context.BootstrapUtils - Instantiating CacheAwareContextLoaderDelegate from class [org.springframework.test.context.cache.DefaultCacheAwareContextLoaderDelegate]
16:33:41.568 [Test worker] DEBUG o.s.test.context.BootstrapUtils - Instantiating BootstrapContext using constructor [public org.springframework.test.context.support.DefaultBootstrapContext(java.lang.Class,org.springframework.test.context.CacheAwareContextLoaderDelegate)]
16:33:41.577 [Test worker] DEBUG o.s.test.context.BootstrapUtils - Instantiating TestContextBootstrapper for test class [com.virtusa.test.DemoApplicationTests] from class [org.springframework.test.context.web.WebTestContextBootstrapper]
16:33:41.599 [Test worker] DEBUG o.s.t.c.w.WebTestContextBootstrapper - Found explicit ContextLoader class [org.springframework.boot.test.SpringApplicationContextLoader] for context configuration attributes [ContextConfigurationAttributes@26cfcf2f declaringClass = 'com.virtusa.test.DemoApplicationTests', classes = '{class com.virtusa.sample.DemoApplication}', locations = '{}', inheritLocations = true, initializers = '{}', inheritInitializers = true, name = [null], contextLoaderClass = 'org.springframework.boot.test.SpringApplicationContextLoader']
16:33:41.607 [Test worker] DEBUG o.s.t.c.s.AbstractContextLoader - Did not detect default resource location for test class [com.virtusa.test.DemoApplicationTests]: class path resource [com/virtusa/test/DemoApplicationTests-context.xml] does not exist
16:33:41.608 [Test worker] DEBUG o.s.t.c.s.AbstractContextLoader - Did not detect default resource location for test class [com.virtusa.test.DemoApplicationTests]: class path resource [com/virtusa/test/DemoApplicationTestsContext.groovy] does not exist
16:33:41.608 [Test worker] INFO  o.s.t.c.s.AbstractContextLoader - Could not detect default resource locations for test class [com.virtusa.test.DemoApplicationTests]: no resource found for suffixes {-context.xml, Context.groovy}.
16:33:41.612 [Test worker] DEBUG o.s.t.c.support.ActiveProfilesUtils - Could not find an 'annotation declaring class' for annotation type [org.springframework.test.context.ActiveProfiles] and class [com.virtusa.test.DemoApplicationTests]
16:33:41.616 [Test worker] DEBUG o.s.t.c.w.WebTestContextBootstrapper - @TestExecutionListeners is not present for class [com.virtusa.test.DemoApplicationTests]: using defaults.
16:33:41.634 [Test worker] INFO  o.s.t.c.w.WebTestContextBootstrapper - Loaded default TestExecutionListener class names from location [META-INF/spring.factories]: [org.springframework.test.context.web.ServletTestExecutionListener, org.springframework.test.context.support.DirtiesContextBeforeModesTestExecutionListener, org.springframework.test.context.support.DependencyInjectionTestExecutionListener, org.springframework.test.context.support.DirtiesContextTestExecutionListener, org.springframework.test.context.transaction.TransactionalTestExecutionListener, org.springframework.test.context.jdbc.SqlScriptsTestExecutionListener]
16:33:41.662 [Test worker] INFO  o.s.t.c.w.WebTestContextBootstrapper - Using TestExecutionListeners: [org.springframework.test.context.web.ServletTestExecutionListener@5b2ca64d, org.springframework.test.context.support.DirtiesContextBeforeModesTestExecutionListener@453ec90d, org.springframework.test.context.support.DependencyInjectionTestExecutionListener@45af8884, org.springframework.test.context.support.DirtiesContextTestExecutionListener@67257a3c, org.springframework.test.context.transaction.TransactionalTestExecutionListener@5985a65b, org.springframework.test.context.jdbc.SqlScriptsTestExecutionListener@6a406ac7]
16:33:41.665 [Test worker] DEBUG o.s.t.annotation.ProfileValueUtils - Retrieved @ProfileValueSourceConfiguration [null] for test class [com.virtusa.test.DemoApplicationTests]
16:33:41.665 [Test worker] DEBUG o.s.t.annotation.ProfileValueUtils - Retrieved ProfileValueSource type [class org.springframework.test.annotation.SystemProfileValueSource] for class [com.virtusa.test.DemoApplicationTests]
]]></system-out>
  <system-err><![CDATA[]]></system-err>
</testsuite>
