<?xml version="1.0" encoding="UTF-8"?>
<testsuite name="com.virtusa.test.web.rest.PmsnResourceTest" tests="0" skipped="0" failures="0" errors="0" timestamp="1970-01-01T00:00:00" hostname="DOH001UA0120YYZ" time="0.0">
  <properties/>
  <system-out><![CDATA[16:33:41.721 [Test worker] DEBUG o.s.t.annotation.ProfileValueUtils - Retrieved @ProfileValueSourceConfiguration [null] for test class [com.virtusa.test.web.rest.PmsnResourceTest]
16:33:41.721 [Test worker] DEBUG o.s.t.annotation.ProfileValueUtils - Retrieved ProfileValueSource type [class org.springframework.test.annotation.SystemProfileValueSource] for class [com.virtusa.test.web.rest.PmsnResourceTest]
16:33:41.721 [Test worker] DEBUG o.s.t.annotation.ProfileValueUtils - Retrieved @ProfileValueSourceConfiguration [null] for test class [com.virtusa.test.web.rest.PmsnResourceTest]
16:33:41.721 [Test worker] DEBUG o.s.t.annotation.ProfileValueUtils - Retrieved ProfileValueSource type [class org.springframework.test.annotation.SystemProfileValueSource] for class [com.virtusa.test.web.rest.PmsnResourceTest]
16:33:41.722 [Test worker] DEBUG o.s.test.context.BootstrapUtils - Instantiating CacheAwareContextLoaderDelegate from class [org.springframework.test.context.cache.DefaultCacheAwareContextLoaderDelegate]
16:33:41.722 [Test worker] DEBUG o.s.test.context.BootstrapUtils - Instantiating BootstrapContext using constructor [public org.springframework.test.context.support.DefaultBootstrapContext(java.lang.Class,org.springframework.test.context.CacheAwareContextLoaderDelegate)]
16:33:41.723 [Test worker] DEBUG o.s.test.context.BootstrapUtils - Instantiating TestContextBootstrapper for test class [com.virtusa.test.web.rest.PmsnResourceTest] from class [org.springframework.test.context.web.WebTestContextBootstrapper]
16:33:41.726 [Test worker] DEBUG o.s.t.c.w.WebTestContextBootstrapper - Found explicit ContextLoader class [org.springframework.boot.test.SpringApplicationContextLoader] for context configuration attributes [ContextConfigurationAttributes@43c764e3 declaringClass = 'com.virtusa.test.web.rest.PmsnResourceTest', classes = '{class com.virtusa.sample.DemoApplication}', locations = '{}', inheritLocations = true, initializers = '{}', inheritInitializers = true, name = [null], contextLoaderClass = 'org.springframework.boot.test.SpringApplicationContextLoader']
16:33:41.727 [Test worker] DEBUG o.s.t.c.s.AbstractContextLoader - Did not detect default resource location for test class [com.virtusa.test.web.rest.PmsnResourceTest]: class path resource [com/virtusa/test/web/rest/PmsnResourceTest-context.xml] does not exist
16:33:41.728 [Test worker] DEBUG o.s.t.c.s.AbstractContextLoader - Did not detect default resource location for test class [com.virtusa.test.web.rest.PmsnResourceTest]: class path resource [com/virtusa/test/web/rest/PmsnResourceTestContext.groovy] does not exist
16:33:41.729 [Test worker] INFO  o.s.t.c.s.AbstractContextLoader - Could not detect default resource locations for test class [com.virtusa.test.web.rest.PmsnResourceTest]: no resource found for suffixes {-context.xml, Context.groovy}.
16:33:41.730 [Test worker] DEBUG o.s.t.c.support.ActiveProfilesUtils - Could not find an 'annotation declaring class' for annotation type [org.springframework.test.context.ActiveProfiles] and class [com.virtusa.test.web.rest.PmsnResourceTest]
16:33:41.731 [Test worker] INFO  o.s.t.c.w.WebTestContextBootstrapper - Using TestExecutionListeners: [org.springframework.boot.test.IntegrationTestPropertiesListener@3d995b08, org.springframework.test.context.support.DirtiesContextBeforeModesTestExecutionListener@286e9ab7, org.springframework.test.context.support.DependencyInjectionTestExecutionListener@782ab28, org.springframework.test.context.support.DirtiesContextTestExecutionListener@7f9a2747, org.springframework.test.context.transaction.TransactionalTestExecutionListener@8ac72a7, org.springframework.test.context.jdbc.SqlScriptsTestExecutionListener@544bea27]
]]></system-out>
  <system-err><![CDATA[]]></system-err>
</testsuite>
